<?xml version="1.0" encoding="UTF-8"?>
<!-- Generated by org.testng.reporters.JUnitReportReporter -->
<testsuite skipped="0" hostname="RSI1064" name="br.com.automationWeb.Santander.runnerTest.RunnerTest" tests="1" failures="0" timestamp="31 ago 2018 20:35:12 GMT" time="4.534" errors="0">
  <testcase name="testMain" time="4.534" classname="br.com.automationWeb.Santander.runnerTest.RunnerTest"/>
</testsuite> <!-- br.com.automationWeb.Santander.runnerTest.RunnerTest -->
