<?xml version="1.0" encoding="UTF-8"?>
<!-- Generated by org.testng.reporters.JUnitReportReporter -->
<testsuite skipped="0" hostname="RSI1064" name="br.com.automationMobile.runnerTest.RunnerTest" tests="2" failures="0" timestamp="22 ago 2018 18:51:03 GMT" time="96.013" errors="0">
  <testcase name="testMain" time="39.052" classname="br.com.automationMobile.runnerTest.RunnerTest"/>
  <testcase name="testMain" time="56.961" classname="br.com.automationMobile.runnerTest.RunnerTest"/>
</testsuite> <!-- br.com.automationMobile.runnerTest.RunnerTest -->
